Jacob on 2002-01-03 visited T22:26:18.595+0000] visited  [glassfish 6.2] [INFO] [] [jakarta.enterprise.system.tools.deployment.common] [tid: _ThreadID=55 _ThreadName=admin-listener(4)] [timeMillis: 1671661578595] [levelValue: 800] [[
  visiting unvisited references]]


Derek on 1992-12-3 visited T22:26:18.613+0000] visited [glassfish 6.2] [WARNING] [] [javax.enterprise.resource.resourceadapter.org.glassfish.jdbc.util] [tid: _ThreadID=55 _ThreadName=admin-listener(4)] [timeMillis: 1671661578613] [levelValue: 900] [[
  using.default.ds]].

Jone on 2022-11-23  visited T22:26:18.615+0000] visited [glassfish 6.2] [WARNING] [] [javax.enterprise.resource.resourceadapter.org.glassfish.jdbc.util] [tid: _ThreadID=55 _ThreadName=admin-listener(4)] [timeMillis: 1671661578615] [levelValue: 900] [[
  using.default.ds]].

Mark on 2002-02-14 visited T22:26:18.638+0000] [glassfish 6.2] [INFO] [AS-WEB-GLUE-00172] [jakarta.enterprise.web] [tid: _ThreadID=55 _ThreadName=admin-listener(4)] [timeMillis: 1671661578638] [levelValue: 800] [[
  Loading application [wed] at [/wed]]].

Bisi on 2021-02-23  visited T22:26:18.647+0000] [glassfish 6.2] [INFO] [] [jakarta.enterprise.system.core] [tid: _ThreadID=55 _ThreadName=admin-listener(4)] [timeMillis: 1671661578647] [levelValue: 800] [[
  wed was successfully deployed in 89 milliseconds.]].

Jennifer on 2012-09-03  visited T22:26:18.647+0000]  visited [glassfish 6.2] [INFO] [] [jakarta.enterprise.system.tools.deployment.common] [tid: _ThreadID=55 _ThreadName=admin-listener(4)] [timeMillis: 1671661599273] [levelValue: 800] [[
  visiting unvisited references]].

Christine on 2011-01-2  visited T22:26:18.647+0000] visited [glassfish 6.2] [INFO] [] [jakarta.enterprise.system.tools.deployment.common] [tid: _ThreadID=55 _ThreadName=admin-listener(4)] [timeMillis: 1671661599279] [levelValue: 800] [[
  visiting unvisited references].

Samantha on 1930-04-21 visited T22:26:18.647+0000] visited  [glassfish 6.2] [INFO] [] [jakarta.enterprise.system.tools.deployment.common] [tid: _ThreadID=55 _ThreadName=admin-listener(4)] [timeMillis: 1671661599280] [levelValue: 800] [[
  visiting unvisited references]].

Lola on 2022-03-23 visited T22:26:39.298+0000] visited [glassfish 6.2]  [WARNING] [] [javax.enterprise.resource.resourceadapter.org.glassfish.jdbc.util] [tid: _ThreadID=55 _ThreadName=admin-listener(4)] [timeMillis: 1671661599298] [levelValue: 900] [[
  using.default.ds]].

Loving on 2003-03-03 visited T22:26:18.647+0000] glassfish 6.2 visited [WARNING] [] [javax.enterprise.resource.resourceadapter.org.glassfish.jdbc.util] [tid: _ThreadID=55 _ThreadName=admin-listener(4)] [timeMillis: 1671661599305] [levelValue: 900] [[
  using.default.ds]].

Patience on 1922-12-21 visited  T22:26:39.345+0000] [glassfish 6.2] visited [INFO] [AS-WEB-GLUE-00172] [jakarta.enterprise.web] [tid: _ThreadID=55 _ThreadName=admin-listener(4)] [timeMillis: 1671661599345] [levelValue: 800] [[
  Loading application [wed] at [/wed]]].

Agnes on 1902-02-02 visited T22:26:39.361+0000] [glassfish 6.2]  [INFO] [] [jakarta.enterprise.system.core] [tid: _ThreadID=55 _ThreadName=admin-listener(4)] [timeMillis: 1671661599361] [levelValue: 800] [[
  wed was successfully deployed in 133 milliseconds.]].
